<?xml version="1.0" encoding="UTF-8"?>
<testsuites name="Test Suite 1" time="11.059" tests="1" failures="0" errors="0">
   <testsuite name="Test Suite 1" tests="1" failures="0" errors="0" time="11.059" skipped="0" timestamp="23-03-2024T19:58:15" hostname="User - DESKTOP-HKH22J6" id="Test Suites/Test Suite 1">
      <properties>
         <property name="deviceName" value=""/>
         <property name="devicePlatform" value=""/>
         <property name="logFolder" value="D:\\Chiang Mai University\\Year 2\\TERM 2\\DEV OPS\\JFF-Automated-Test\\Reports\\25670323_195806\\Test Suite 1\\25670323_195806"/>
         <property name="logFiles" value="D:\\Chiang Mai University\\Year 2\\TERM 2\\DEV OPS\\JFF-Automated-Test\\Reports\\25670323_195806\\Test Suite 1\\25670323_195806\\execution0.log"/>
         <property name="attachments" value=""/>
         <property name="hostName" value="User - DESKTOP-HKH22J6"/>
         <property name="os" value="Windows 10 64bit"/>
         <property name="katalonVersion" value="9.3.0.212"/>
         <property name="browser" value="Chrome 122.0.0.0"/>
         <property name="hostAddress" value="192.168.56.1"/>
         <property name="sessionId" value="d1166ca33afc42fa5a4cab4287c0926c"/>
         <property name="seleniumVersion" value="3.141.59"/>
         <property name="proxyInformation" value="ProxyInformation { proxyOption=NO_PROXY, proxyServerType=HTTP, username=, password=********, proxyServerAddress=, proxyServerPort=0, executionList=&quot;&quot;, isApplyToDesiredCapabilities=true }"/>
         <property name="platform" value="Windows 10"/>
      </properties>
      <testcase name="Test Cases/BackOffice/Category_TC1" time="10.782" classname="Test Cases/BackOffice/Category_TC1" status="PASSED">
         <system-out><![CDATA[23-03-2024T19:58:15 - [TEST_CASE][PASSED] - Test Cases/BackOffice/Category_TC1: Test Cases/BackOffice/Category_TC1

23-03-2024T19:58:15 - [TEST_STEP][PASSED] - openBrowser(""): Browser is opened with url: ''

23-03-2024T19:58:16 - [MESSAGE][INFO] - Starting 'Chrome' driver

23-03-2024T19:58:16 - [MESSAGE][INFO] - Action delay is set to 0 milliseconds

23-03-2024T19:58:18 - [MESSAGE][PASSED] - Browser is opened with url: ''

23-03-2024T19:58:18 - [TEST_STEP][PASSED] - navigateToUrl("http://18.140.98.114:8080/back-office-homepage"): Navigate to 'http://18.140.98.114:8080/back-office-homepage' successfully

23-03-2024T19:58:19 - [MESSAGE][PASSED] - Navigate to 'http://18.140.98.114:8080/back-office-homepage' successfully

23-03-2024T19:58:19 - [TEST_STEP][PASSED] - click(findTestObject("Object Repository/Back-Office/Page_Back Office Homepage/i_Home_fas fa fa-th-large")): Object: 'Object Repository/Back-Office/Page_Back Office Homepage/i_Home_fas fa fa-th-large' is clicked on

23-03-2024T19:58:20 - [MESSAGE][PASSED] - Object: 'Object Repository/Back-Office/Page_Back Office Homepage/i_Home_fas fa fa-th-large' is clicked on

23-03-2024T19:58:20 - [TEST_STEP][PASSED] - navigateToUrl("http://18.140.98.114:8080/back-office-category"): Navigate to 'http://18.140.98.114:8080/back-office-category' successfully

23-03-2024T19:58:20 - [MESSAGE][PASSED] - Navigate to 'http://18.140.98.114:8080/back-office-category' successfully

23-03-2024T19:58:20 - [TEST_STEP][PASSED] - click(findTestObject("Object Repository/Back-Office/Page_Category Management Page/button_Edit")): Object: 'Object Repository/Back-Office/Page_Category Management Page/button_Edit' is clicked on

23-03-2024T19:58:21 - [MESSAGE][PASSED] - Object: 'Object Repository/Back-Office/Page_Category Management Page/button_Edit' is clicked on

23-03-2024T19:58:21 - [TEST_STEP][PASSED] - click(findTestObject("Object Repository/Back-Office/Page_Category Management Page/button_Add")): Object: 'Object Repository/Back-Office/Page_Category Management Page/button_Add' is clicked on

23-03-2024T19:58:22 - [MESSAGE][PASSED] - Object: 'Object Repository/Back-Office/Page_Category Management Page/button_Add' is clicked on

23-03-2024T19:58:22 - [TEST_STEP][PASSED] - verifyElementText(findTestObject("Back-Office/Page_Category Management Page/td_New Category"), "<New Category>"): Actual text and expected text of test object 'Object Repository/Back-Office/Page_Category Management Page/td_New Category' are matched.

23-03-2024T19:58:22 - [MESSAGE][PASSED] - Actual text and expected text of test object 'Object Repository/Back-Office/Page_Category Management Page/td_New Category' are matched.

23-03-2024T19:58:22 - [TEST_STEP][PASSED] - click(findTestObject("Object Repository/Back-Office/Page_Category Management Page/button_Edit")): Object: 'Object Repository/Back-Office/Page_Category Management Page/button_Edit' is clicked on

23-03-2024T19:58:22 - [MESSAGE][PASSED] - Object: 'Object Repository/Back-Office/Page_Category Management Page/button_Edit' is clicked on

23-03-2024T19:58:22 - [TEST_STEP][PASSED] - click(findTestObject("Object Repository/Back-Office/Page_Category Management Page/input_View lists_selectedCategories")): Object: 'Object Repository/Back-Office/Page_Category Management Page/input_View lists_selectedCategories' is clicked on

23-03-2024T19:58:23 - [MESSAGE][PASSED] - Object: 'Object Repository/Back-Office/Page_Category Management Page/input_View lists_selectedCategories' is clicked on

23-03-2024T19:58:23 - [TEST_STEP][PASSED] - click(findTestObject("Object Repository/Back-Office/Page_Category Management Page/button_Delete")): Object: 'Object Repository/Back-Office/Page_Category Management Page/button_Delete' is clicked on

23-03-2024T19:58:23 - [MESSAGE][PASSED] - Object: 'Object Repository/Back-Office/Page_Category Management Page/button_Delete' is clicked on

23-03-2024T19:58:23 - [TEST_STEP][PASSED] - setText(findTestObject("Object Repository/Back-Office/Page_Category Management Page/search_bar"), "Fiction"): Text 'Fiction' is set on object 'Object Repository/Back-Office/Page_Category Management Page/search_bar'

23-03-2024T19:58:24 - [MESSAGE][PASSED] - Text 'Fiction' is set on object 'Object Repository/Back-Office/Page_Category Management Page/search_bar'

23-03-2024T19:58:24 - [TEST_STEP][PASSED] - sendKeys(findTestObject("Object Repository/Back-Office/Page_Category Management Page/search_bar"), Keys.chord(ENTER)): Keys 'ENTER + ' sent to object: 'Object Repository/Back-Office/Page_Category Management Page/search_bar'

23-03-2024T19:58:25 - [MESSAGE][PASSED] - Keys 'ENTER + ' sent to object: 'Object Repository/Back-Office/Page_Category Management Page/search_bar'

23-03-2024T19:58:25 - [TEST_STEP][PASSED] - verifyElementText(findTestObject("Object Repository/Back-Office/Page_Category Management Page/td_Fiction"), category_name1): Actual text and expected text of test object 'Object Repository/Back-Office/Page_Category Management Page/td_Fiction' are matched.

23-03-2024T19:58:25 - [MESSAGE][PASSED] - Actual text and expected text of test object 'Object Repository/Back-Office/Page_Category Management Page/td_Fiction' are matched.

23-03-2024T19:58:25 - [TEST_STEP][PASSED] - verifyElementText(findTestObject("Object Repository/Back-Office/Page_Category Management Page/td_Non-Fiction"), category_name2): Actual text and expected text of test object 'Object Repository/Back-Office/Page_Category Management Page/td_Non-Fiction' are matched.

23-03-2024T19:58:26 - [MESSAGE][PASSED] - Actual text and expected text of test object 'Object Repository/Back-Office/Page_Category Management Page/td_Non-Fiction' are matched.

23-03-2024T19:58:26 - [TEST_STEP][PASSED] - closeBrowser(): Browser is closed

23-03-2024T19:58:26 - [MESSAGE][PASSED] - Browser is closed]]></system-out>
         <system-err><![CDATA[]]></system-err>
      </testcase>
      <system-out><![CDATA[23-03-2024T19:58:15 - [TEST_SUITE][PASSED] - Test Suite 1: Test Cases/BackOffice/Category_TC1]]></system-out>
      <system-err><![CDATA[]]></system-err>
   </testsuite>
</testsuites>
