<?xml version="1.0" encoding="UTF-8"?>
<testsuites name="Test Suite 1" time="33.202" tests="3" failures="0" errors="0">
   <testsuite name="Test Suite 1" tests="3" failures="0" errors="0" time="33.202" skipped="0" timestamp="24-03-2024T13:55:41" hostname="jj101 - JJKung" id="Test Suites/Back-Office/Test Suite 1">
      <properties>
         <property name="deviceName" value=""/>
         <property name="devicePlatform" value=""/>
         <property name="logFolder" value="C:\\Users\\jj101\\git\\JFF-Automated-Test\\Reports\\25670324_135527\\Back-Office\\Test Suite 1\\25670324_135527"/>
         <property name="logFiles" value="C:\\Users\\jj101\\git\\JFF-Automated-Test\\Reports\\25670324_135527\\Back-Office\\Test Suite 1\\25670324_135527\\execution0.log"/>
         <property name="attachments" value=""/>
         <property name="hostName" value="jj101 - JJKung"/>
         <property name="os" value="Windows 11 64bit"/>
         <property name="katalonVersion" value="9.3.0.212"/>
         <property name="browser" value="Chrome 122.0.0.0"/>
         <property name="hostAddress" value="26.197.199.243"/>
         <property name="sessionId" value="2e7b56d2c13a9b003503ff943203ffdb"/>
         <property name="seleniumVersion" value="3.141.59"/>
         <property name="proxyInformation" value="ProxyInformation { proxyOption=NO_PROXY, proxyServerType=HTTP, username=, password=********, proxyServerAddress=, proxyServerPort=0, executionList=&quot;&quot;, isApplyToDesiredCapabilities=true }"/>
         <property name="platform" value="Windows 11"/>
      </properties>
      <testcase name="Test Cases/BackOffice/Category_TC1" time="8.944" classname="Test Cases/BackOffice/Category_TC1" status="PASSED">
         <system-out><![CDATA[24-03-2024T13:55:42 - [TEST_CASE][PASSED] - Test Cases/BackOffice/Category_TC1: Test Cases/BackOffice/Category_TC1

24-03-2024T13:55:42 - [TEST_STEP][PASSED] - openBrowser(""): Browser is opened with url: ''

24-03-2024T13:55:42 - [MESSAGE][INFO] - Starting 'Chrome' driver

24-03-2024T13:55:43 - [MESSAGE][INFO] - Action delay is set to 0 milliseconds

24-03-2024T13:55:44 - [MESSAGE][PASSED] - Browser is opened with url: ''

24-03-2024T13:55:44 - [TEST_STEP][PASSED] - navigateToUrl("http://18.140.98.114:8080/back-office-category"): Navigate to 'http://18.140.98.114:8080/back-office-category' successfully

24-03-2024T13:55:45 - [MESSAGE][PASSED] - Navigate to 'http://18.140.98.114:8080/back-office-category' successfully

24-03-2024T13:55:45 - [TEST_STEP][PASSED] - click(findTestObject("Object Repository/Back-Office/Page_Category Management Page/edit_button")): Object: 'Object Repository/Back-Office/Page_Category Management Page/edit_button' is clicked on

24-03-2024T13:55:46 - [MESSAGE][PASSED] - Object: 'Object Repository/Back-Office/Page_Category Management Page/edit_button' is clicked on

24-03-2024T13:55:46 - [TEST_STEP][PASSED] - click(findTestObject("Object Repository/Back-Office/Page_Category Management Page/add_button")): Object: 'Object Repository/Back-Office/Page_Category Management Page/add_button' is clicked on

24-03-2024T13:55:46 - [MESSAGE][PASSED] - Object: 'Object Repository/Back-Office/Page_Category Management Page/add_button' is clicked on

24-03-2024T13:55:46 - [TEST_STEP][PASSED] - verifyElementText(findTestObject("Back-Office/Page_Category Management Page/newcategory_name"), "<New Category>"): Actual text and expected text of test object 'Object Repository/Back-Office/Page_Category Management Page/newcategory_name' are matched.

24-03-2024T13:55:47 - [MESSAGE][PASSED] - Actual text and expected text of test object 'Object Repository/Back-Office/Page_Category Management Page/newcategory_name' are matched.

24-03-2024T13:55:47 - [TEST_STEP][PASSED] - click(findTestObject("Object Repository/Back-Office/Page_Category Management Page/edit_button")): Object: 'Object Repository/Back-Office/Page_Category Management Page/edit_button' is clicked on

24-03-2024T13:55:47 - [MESSAGE][PASSED] - Object: 'Object Repository/Back-Office/Page_Category Management Page/edit_button' is clicked on

24-03-2024T13:55:47 - [TEST_STEP][PASSED] - click(findTestObject("Object Repository/Back-Office/Page_Category Management Page/tickbox")): Object: 'Object Repository/Back-Office/Page_Category Management Page/tickbox' is clicked on

24-03-2024T13:55:48 - [MESSAGE][PASSED] - Object: 'Object Repository/Back-Office/Page_Category Management Page/tickbox' is clicked on

24-03-2024T13:55:48 - [TEST_STEP][PASSED] - click(findTestObject("Object Repository/Back-Office/Page_Category Management Page/delete_button")): Object: 'Object Repository/Back-Office/Page_Category Management Page/delete_button' is clicked on

24-03-2024T13:55:48 - [MESSAGE][PASSED] - Object: 'Object Repository/Back-Office/Page_Category Management Page/delete_button' is clicked on

24-03-2024T13:55:48 - [TEST_STEP][PASSED] - setText(findTestObject("Object Repository/Back-Office/Page_Category Management Page/search_bar"), "Fiction"): Text 'Fiction' is set on object 'Object Repository/Back-Office/Page_Category Management Page/search_bar'

24-03-2024T13:55:49 - [MESSAGE][PASSED] - Text 'Fiction' is set on object 'Object Repository/Back-Office/Page_Category Management Page/search_bar'

24-03-2024T13:55:49 - [TEST_STEP][PASSED] - sendKeys(findTestObject("Object Repository/Back-Office/Page_Category Management Page/search_bar"), Keys.chord(ENTER)): Keys 'ENTER + ' sent to object: 'Object Repository/Back-Office/Page_Category Management Page/search_bar'

24-03-2024T13:55:50 - [MESSAGE][PASSED] - Keys 'ENTER + ' sent to object: 'Object Repository/Back-Office/Page_Category Management Page/search_bar'

24-03-2024T13:55:50 - [TEST_STEP][PASSED] - verifyElementText(findTestObject("Object Repository/Back-Office/Page_Category Management Page/searchname1"), category_name1): Actual text and expected text of test object 'Object Repository/Back-Office/Page_Category Management Page/searchname1' are matched.

24-03-2024T13:55:50 - [MESSAGE][PASSED] - Actual text and expected text of test object 'Object Repository/Back-Office/Page_Category Management Page/searchname1' are matched.

24-03-2024T13:55:50 - [TEST_STEP][PASSED] - verifyElementText(findTestObject("Object Repository/Back-Office/Page_Category Management Page/searchname2"), category_name2): Actual text and expected text of test object 'Object Repository/Back-Office/Page_Category Management Page/searchname2' are matched.

24-03-2024T13:55:50 - [MESSAGE][PASSED] - Actual text and expected text of test object 'Object Repository/Back-Office/Page_Category Management Page/searchname2' are matched.

24-03-2024T13:55:50 - [TEST_STEP][PASSED] - closeBrowser(): Browser is closed

24-03-2024T13:55:51 - [MESSAGE][PASSED] - Browser is closed]]></system-out>
         <system-err><![CDATA[]]></system-err>
      </testcase>
      <testcase name="Test Cases/BackOffice/Product_TC1" time="18.759" classname="Test Cases/BackOffice/Product_TC1" status="PASSED">
         <system-out><![CDATA[24-03-2024T13:55:51 - [TEST_CASE][PASSED] - Test Cases/BackOffice/Product_TC1: Test Cases/BackOffice/Product_TC1

24-03-2024T13:55:51 - [TEST_STEP][PASSED] - openBrowser(""): Browser is opened with url: ''

24-03-2024T13:55:51 - [MESSAGE][INFO] - Starting 'Chrome' driver

24-03-2024T13:55:51 - [MESSAGE][INFO] - Action delay is set to 0 milliseconds

24-03-2024T13:55:52 - [MESSAGE][PASSED] - Browser is opened with url: ''

24-03-2024T13:55:52 - [TEST_STEP][PASSED] - navigateToUrl("http://18.140.98.114:8080/back-office-product"): Navigate to 'http://18.140.98.114:8080/back-office-product' successfully

24-03-2024T13:55:52 - [MESSAGE][PASSED] - Navigate to 'http://18.140.98.114:8080/back-office-product' successfully

24-03-2024T13:55:52 - [TEST_STEP][PASSED] - verifyElementText(findTestObject("Object Repository/Back-Office/Page_Product Management Page/product_id_cell"), product_id): Actual text and expected text of test object 'Object Repository/Back-Office/Page_Product Management Page/product_id_cell' are matched.

24-03-2024T13:55:53 - [MESSAGE][PASSED] - Actual text and expected text of test object 'Object Repository/Back-Office/Page_Product Management Page/product_id_cell' are matched.

24-03-2024T13:55:53 - [TEST_STEP][PASSED] - verifyElementText(findTestObject("Object Repository/Back-Office/Page_Product Management Page/product_name_cell"), product_name): Actual text and expected text of test object 'Object Repository/Back-Office/Page_Product Management Page/product_name_cell' are matched.

24-03-2024T13:55:53 - [MESSAGE][PASSED] - Actual text and expected text of test object 'Object Repository/Back-Office/Page_Product Management Page/product_name_cell' are matched.

24-03-2024T13:55:53 - [TEST_STEP][PASSED] - verifyElementText(findTestObject("Object Repository/Back-Office/Page_Product Management Page/category_id"), category_id): Actual text and expected text of test object 'Object Repository/Back-Office/Page_Product Management Page/category_id' are matched.

24-03-2024T13:55:53 - [MESSAGE][PASSED] - Actual text and expected text of test object 'Object Repository/Back-Office/Page_Product Management Page/category_id' are matched.

24-03-2024T13:55:53 - [TEST_STEP][PASSED] - verifyElementText(findTestObject("Object Repository/Back-Office/Page_Product Management Page/product_image_id_cell"), product_image_id): Actual text and expected text of test object 'Object Repository/Back-Office/Page_Product Management Page/product_image_id_cell' are matched.

24-03-2024T13:55:54 - [MESSAGE][PASSED] - Actual text and expected text of test object 'Object Repository/Back-Office/Page_Product Management Page/product_image_id_cell' are matched.

24-03-2024T13:55:54 - [TEST_STEP][PASSED] - verifyElementText(findTestObject("Object Repository/Back-Office/Page_Product Management Page/stock_cell"), stock): Actual text and expected text of test object 'Object Repository/Back-Office/Page_Product Management Page/stock_cell' are matched.

24-03-2024T13:55:54 - [MESSAGE][PASSED] - Actual text and expected text of test object 'Object Repository/Back-Office/Page_Product Management Page/stock_cell' are matched.

24-03-2024T13:55:54 - [TEST_STEP][PASSED] - verifyElementText(findTestObject("Object Repository/Back-Office/Page_Product Management Page/salecount_cell"), salecount): Actual text and expected text of test object 'Object Repository/Back-Office/Page_Product Management Page/salecount_cell' are matched.

24-03-2024T13:55:54 - [MESSAGE][PASSED] - Actual text and expected text of test object 'Object Repository/Back-Office/Page_Product Management Page/salecount_cell' are matched.

24-03-2024T13:55:54 - [TEST_STEP][PASSED] - verifyElementText(findTestObject("Object Repository/Back-Office/Page_Product Management Page/product_price_cell"), product_price): Actual text and expected text of test object 'Object Repository/Back-Office/Page_Product Management Page/product_price_cell' are matched.

24-03-2024T13:55:55 - [MESSAGE][PASSED] - Actual text and expected text of test object 'Object Repository/Back-Office/Page_Product Management Page/product_price_cell' are matched.

24-03-2024T13:55:55 - [TEST_STEP][PASSED] - verifyElementText(findTestObject("Object Repository/Back-Office/Page_Product Management Page/product_price_promotion_cell"), product_price_promotion): Actual text and expected text of test object 'Object Repository/Back-Office/Page_Product Management Page/product_price_promotion_cell' are matched.

24-03-2024T13:55:55 - [MESSAGE][PASSED] - Actual text and expected text of test object 'Object Repository/Back-Office/Page_Product Management Page/product_price_promotion_cell' are matched.

24-03-2024T13:55:55 - [TEST_STEP][PASSED] - click(findTestObject("Object Repository/Back-Office/Page_Product Management Page/button_Edit")): Object: 'Object Repository/Back-Office/Page_Product Management Page/button_Edit' is clicked on

24-03-2024T13:55:55 - [MESSAGE][PASSED] - Object: 'Object Repository/Back-Office/Page_Product Management Page/button_Edit' is clicked on

24-03-2024T13:55:55 - [TEST_STEP][PASSED] - click(findTestObject("Object Repository/Back-Office/Page_Product Management Page/button_Add")): Object: 'Object Repository/Back-Office/Page_Product Management Page/button_Add' is clicked on

24-03-2024T13:55:56 - [MESSAGE][PASSED] - Object: 'Object Repository/Back-Office/Page_Product Management Page/button_Add' is clicked on

24-03-2024T13:55:56 - [TEST_STEP][PASSED] - setText(findTestObject("Object Repository/Back-Office/Page_Product Management Page/input_Restock_page-number"), "6"): Text '6' is set on object 'Object Repository/Back-Office/Page_Product Management Page/input_Restock_page-number'

24-03-2024T13:55:56 - [MESSAGE][PASSED] - Text '6' is set on object 'Object Repository/Back-Office/Page_Product Management Page/input_Restock_page-number'

24-03-2024T13:55:56 - [TEST_STEP][PASSED] - sendKeys(findTestObject("Object Repository/Back-Office/Page_Product Management Page/input_Restock_page-number"), Keys.chord(ENTER)): Keys 'ENTER + ' sent to object: 'Object Repository/Back-Office/Page_Product Management Page/input_Restock_page-number'

24-03-2024T13:55:57 - [MESSAGE][PASSED] - Keys 'ENTER + ' sent to object: 'Object Repository/Back-Office/Page_Product Management Page/input_Restock_page-number'

24-03-2024T13:55:57 - [TEST_STEP][PASSED] - navigateToUrl("http://18.140.98.114:8080/back-office-product?page=6"): Navigate to 'http://18.140.98.114:8080/back-office-product?page=6' successfully

24-03-2024T13:55:57 - [MESSAGE][PASSED] - Navigate to 'http://18.140.98.114:8080/back-office-product?page=6' successfully

24-03-2024T13:55:57 - [TEST_STEP][PASSED] - click(findTestObject("Object Repository/Back-Office/Page_Product Management Page/td_New Product")): Object: 'Object Repository/Back-Office/Page_Product Management Page/td_New Product' is clicked on

24-03-2024T13:56:00 - [MESSAGE][PASSED] - Object: 'Object Repository/Back-Office/Page_Product Management Page/td_New Product' is clicked on

24-03-2024T13:56:00 - [TEST_STEP][PASSED] - click(findTestObject("Object Repository/Back-Office/Page_Product Management Page/button_Edit")): Object: 'Object Repository/Back-Office/Page_Product Management Page/button_Edit' is clicked on

24-03-2024T13:56:02 - [MESSAGE][PASSED] - Object: 'Object Repository/Back-Office/Page_Product Management Page/button_Edit' is clicked on

24-03-2024T13:56:02 - [TEST_STEP][PASSED] - click(findTestObject("Object Repository/Back-Office/Page_Product Management Page/input_checkbox")): Object: 'Object Repository/Back-Office/Page_Product Management Page/input_checkbox' is clicked on

24-03-2024T13:56:05 - [MESSAGE][PASSED] - Object: 'Object Repository/Back-Office/Page_Product Management Page/input_checkbox' is clicked on

24-03-2024T13:56:05 - [TEST_STEP][PASSED] - click(findTestObject("Object Repository/Back-Office/Page_Product Management Page/button_Delete")): Object: 'Object Repository/Back-Office/Page_Product Management Page/button_Delete' is clicked on

24-03-2024T13:56:07 - [MESSAGE][PASSED] - Object: 'Object Repository/Back-Office/Page_Product Management Page/button_Delete' is clicked on

24-03-2024T13:56:07 - [TEST_STEP][PASSED] - setText(findTestObject("Object Repository/Back-Office/Page_Product Management Page/input_Submit_search"), "new product"): Text 'new product' is set on object 'Object Repository/Back-Office/Page_Product Management Page/input_Submit_search'

24-03-2024T13:56:08 - [MESSAGE][PASSED] - Text 'new product' is set on object 'Object Repository/Back-Office/Page_Product Management Page/input_Submit_search'

24-03-2024T13:56:08 - [TEST_STEP][PASSED] - sendKeys(findTestObject("Object Repository/Back-Office/Page_Product Management Page/input_Submit_search"), Keys.chord(ENTER)): Keys 'ENTER + ' sent to object: 'Object Repository/Back-Office/Page_Product Management Page/input_Submit_search'

24-03-2024T13:56:09 - [MESSAGE][PASSED] - Keys 'ENTER + ' sent to object: 'Object Repository/Back-Office/Page_Product Management Page/input_Submit_search'

24-03-2024T13:56:09 - [TEST_STEP][PASSED] - click(findTestObject("Object Repository/Back-Office/Page_Product Management Page/td_No items available")): Object: 'Object Repository/Back-Office/Page_Product Management Page/td_No items available' is clicked on

24-03-2024T13:56:09 - [MESSAGE][PASSED] - Object: 'Object Repository/Back-Office/Page_Product Management Page/td_No items available' is clicked on

24-03-2024T13:56:09 - [TEST_STEP][PASSED] - closeBrowser(): Browser is closed

24-03-2024T13:56:10 - [MESSAGE][PASSED] - Browser is closed]]></system-out>
         <system-err><![CDATA[]]></system-err>
      </testcase>
      <testcase name="Test Cases/BackOffice/Order_TC1" time="5.031" classname="Test Cases/BackOffice/Order_TC1" status="PASSED">
         <system-out><![CDATA[24-03-2024T13:56:10 - [TEST_CASE][PASSED] - Test Cases/BackOffice/Order_TC1: Test Cases/BackOffice/Order_TC1

24-03-2024T13:56:10 - [TEST_STEP][PASSED] - openBrowser(""): Browser is opened with url: ''

24-03-2024T13:56:10 - [MESSAGE][INFO] - Starting 'Chrome' driver

24-03-2024T13:56:10 - [MESSAGE][INFO] - Action delay is set to 0 milliseconds

24-03-2024T13:56:10 - [MESSAGE][PASSED] - Browser is opened with url: ''

24-03-2024T13:56:10 - [TEST_STEP][PASSED] - navigateToUrl("http://18.140.98.114:8080/back-office-order"): Navigate to 'http://18.140.98.114:8080/back-office-order' successfully

24-03-2024T13:56:11 - [MESSAGE][PASSED] - Navigate to 'http://18.140.98.114:8080/back-office-order' successfully

24-03-2024T13:56:11 - [TEST_STEP][PASSED] - setText(findTestObject("Object Repository/Back-Office/Page_Order Management Page/search_bar"), "49"): Text '49' is set on object 'Object Repository/Back-Office/Page_Order Management Page/search_bar'

24-03-2024T13:56:12 - [MESSAGE][PASSED] - Text '49' is set on object 'Object Repository/Back-Office/Page_Order Management Page/search_bar'

24-03-2024T13:56:12 - [TEST_STEP][PASSED] - sendKeys(findTestObject("Object Repository/Back-Office/Page_Order Management Page/search_bar"), Keys.chord(ENTER)): Keys 'ENTER + ' sent to object: 'Object Repository/Back-Office/Page_Order Management Page/search_bar'

24-03-2024T13:56:12 - [MESSAGE][PASSED] - Keys 'ENTER + ' sent to object: 'Object Repository/Back-Office/Page_Order Management Page/search_bar'

24-03-2024T13:56:12 - [TEST_STEP][PASSED] - verifyElementText(findTestObject("Object Repository/Back-Office/Page_Order Management Page/order_id_1"), order_id1): Actual text and expected text of test object 'Object Repository/Back-Office/Page_Order Management Page/order_id_1' are matched.

24-03-2024T13:56:13 - [MESSAGE][PASSED] - Actual text and expected text of test object 'Object Repository/Back-Office/Page_Order Management Page/order_id_1' are matched.

24-03-2024T13:56:13 - [TEST_STEP][PASSED] - setText(findTestObject("Object Repository/Back-Office/Page_Order Management Page/search_bar"), ""): Text '' is set on object 'Object Repository/Back-Office/Page_Order Management Page/search_bar'

24-03-2024T13:56:13 - [MESSAGE][PASSED] - Text '' is set on object 'Object Repository/Back-Office/Page_Order Management Page/search_bar'

24-03-2024T13:56:13 - [TEST_STEP][PASSED] - click(findTestObject("Object Repository/Back-Office/Page_Order Management Page/search_button")): Object: 'Object Repository/Back-Office/Page_Order Management Page/search_button' is clicked on

24-03-2024T13:56:14 - [MESSAGE][PASSED] - Object: 'Object Repository/Back-Office/Page_Order Management Page/search_button' is clicked on

24-03-2024T13:56:14 - [TEST_STEP][PASSED] - verifyElementText(findTestObject("Object Repository/Back-Office/Page_Order Management Page/order_id_2"), order_id2): Actual text and expected text of test object 'Object Repository/Back-Office/Page_Order Management Page/order_id_2' are matched.

24-03-2024T13:56:14 - [MESSAGE][PASSED] - Actual text and expected text of test object 'Object Repository/Back-Office/Page_Order Management Page/order_id_2' are matched.

24-03-2024T13:56:14 - [TEST_STEP][PASSED] - closeBrowser(): Browser is closed

24-03-2024T13:56:15 - [MESSAGE][PASSED] - Browser is closed]]></system-out>
         <system-err><![CDATA[]]></system-err>
      </testcase>
      <system-out><![CDATA[24-03-2024T13:55:41 - [TEST_SUITE][PASSED] - Test Suite 1: Test Cases/BackOffice/Order_TC1]]></system-out>
      <system-err><![CDATA[]]></system-err>
   </testsuite>
</testsuites>
