<?xml version="1.0" encoding="UTF-8"?>
<testsuites name="Test Suite 1" time="10.499" tests="1" failures="0" errors="0">
   <testsuite name="Test Suite 1" tests="1" failures="0" errors="0" time="10.499" skipped="0" timestamp="23-03-2024T21:27:24" hostname="User - DESKTOP-HKH22J6" id="Test Suites/Test Suite 1">
      <properties>
         <property name="deviceName" value=""/>
         <property name="devicePlatform" value=""/>
         <property name="logFolder" value="D:\\Chiang Mai University\\Year 2\\TERM 2\\DEV OPS\\JFF-Automated-Test\\Reports\\25670323_212715\\Test Suite 1\\25670323_212715"/>
         <property name="logFiles" value="D:\\Chiang Mai University\\Year 2\\TERM 2\\DEV OPS\\JFF-Automated-Test\\Reports\\25670323_212715\\Test Suite 1\\25670323_212715\\execution0.log"/>
         <property name="attachments" value=""/>
         <property name="hostName" value="User - DESKTOP-HKH22J6"/>
         <property name="os" value="Windows 10 64bit"/>
         <property name="katalonVersion" value="9.3.0.212"/>
         <property name="browser" value="Chrome 122.0.0.0"/>
         <property name="hostAddress" value="192.168.56.1"/>
         <property name="sessionId" value="e1c5c16c52292f01588d4c10b072f25c"/>
         <property name="seleniumVersion" value="3.141.59"/>
         <property name="proxyInformation" value="ProxyInformation { proxyOption=NO_PROXY, proxyServerType=HTTP, username=, password=********, proxyServerAddress=, proxyServerPort=0, executionList=&quot;&quot;, isApplyToDesiredCapabilities=true }"/>
         <property name="platform" value="Windows 10"/>
      </properties>
      <testcase name="Test Cases/BackOffice/Category_TC1" time="10.215" classname="Test Cases/BackOffice/Category_TC1" status="PASSED">
         <system-out><![CDATA[23-03-2024T21:27:24 - [TEST_CASE][PASSED] - Test Cases/BackOffice/Category_TC1: Test Cases/BackOffice/Category_TC1

23-03-2024T21:27:24 - [TEST_STEP][PASSED] - openBrowser(""): Browser is opened with url: ''

23-03-2024T21:27:25 - [MESSAGE][INFO] - Starting 'Chrome' driver

23-03-2024T21:27:25 - [MESSAGE][INFO] - Action delay is set to 0 milliseconds

23-03-2024T21:27:27 - [MESSAGE][PASSED] - Browser is opened with url: ''

23-03-2024T21:27:27 - [TEST_STEP][PASSED] - navigateToUrl("http://18.140.98.114:8080/back-office-category"): Navigate to 'http://18.140.98.114:8080/back-office-category' successfully

23-03-2024T21:27:28 - [MESSAGE][PASSED] - Navigate to 'http://18.140.98.114:8080/back-office-category' successfully

23-03-2024T21:27:28 - [TEST_STEP][PASSED] - click(findTestObject("Object Repository/Back-Office/Page_Category Management Page/edit_button")): Object: 'Object Repository/Back-Office/Page_Category Management Page/edit_button' is clicked on

23-03-2024T21:27:29 - [MESSAGE][PASSED] - Object: 'Object Repository/Back-Office/Page_Category Management Page/edit_button' is clicked on

23-03-2024T21:27:29 - [TEST_STEP][PASSED] - click(findTestObject("Object Repository/Back-Office/Page_Category Management Page/add_button")): Object: 'Object Repository/Back-Office/Page_Category Management Page/add_button' is clicked on

23-03-2024T21:27:30 - [MESSAGE][PASSED] - Object: 'Object Repository/Back-Office/Page_Category Management Page/add_button' is clicked on

23-03-2024T21:27:30 - [TEST_STEP][PASSED] - verifyElementText(findTestObject("Back-Office/Page_Category Management Page/newcategory_name"), "<New Category>"): Actual text and expected text of test object 'Object Repository/Back-Office/Page_Category Management Page/newcategory_name' are matched.

23-03-2024T21:27:30 - [MESSAGE][PASSED] - Actual text and expected text of test object 'Object Repository/Back-Office/Page_Category Management Page/newcategory_name' are matched.

23-03-2024T21:27:30 - [TEST_STEP][PASSED] - click(findTestObject("Object Repository/Back-Office/Page_Category Management Page/edit_button")): Object: 'Object Repository/Back-Office/Page_Category Management Page/edit_button' is clicked on

23-03-2024T21:27:31 - [MESSAGE][PASSED] - Object: 'Object Repository/Back-Office/Page_Category Management Page/edit_button' is clicked on

23-03-2024T21:27:31 - [TEST_STEP][PASSED] - click(findTestObject("Object Repository/Back-Office/Page_Category Management Page/tickbox")): Object: 'Object Repository/Back-Office/Page_Category Management Page/tickbox' is clicked on

23-03-2024T21:27:31 - [MESSAGE][PASSED] - Object: 'Object Repository/Back-Office/Page_Category Management Page/tickbox' is clicked on

23-03-2024T21:27:31 - [TEST_STEP][PASSED] - click(findTestObject("Object Repository/Back-Office/Page_Category Management Page/delete_button")): Object: 'Object Repository/Back-Office/Page_Category Management Page/delete_button' is clicked on

23-03-2024T21:27:32 - [MESSAGE][PASSED] - Object: 'Object Repository/Back-Office/Page_Category Management Page/delete_button' is clicked on

23-03-2024T21:27:32 - [TEST_STEP][PASSED] - setText(findTestObject("Object Repository/Back-Office/Page_Category Management Page/search_bar"), "Fiction"): Text 'Fiction' is set on object 'Object Repository/Back-Office/Page_Category Management Page/search_bar'

23-03-2024T21:27:33 - [MESSAGE][PASSED] - Text 'Fiction' is set on object 'Object Repository/Back-Office/Page_Category Management Page/search_bar'

23-03-2024T21:27:33 - [TEST_STEP][PASSED] - sendKeys(findTestObject("Object Repository/Back-Office/Page_Category Management Page/search_bar"), Keys.chord(ENTER)): Keys 'ENTER + ' sent to object: 'Object Repository/Back-Office/Page_Category Management Page/search_bar'

23-03-2024T21:27:33 - [MESSAGE][PASSED] - Keys 'ENTER + ' sent to object: 'Object Repository/Back-Office/Page_Category Management Page/search_bar'

23-03-2024T21:27:33 - [TEST_STEP][PASSED] - verifyElementText(findTestObject("Object Repository/Back-Office/Page_Category Management Page/searchname1"), category_name1): Actual text and expected text of test object 'Object Repository/Back-Office/Page_Category Management Page/searchname1' are matched.

23-03-2024T21:27:34 - [MESSAGE][PASSED] - Actual text and expected text of test object 'Object Repository/Back-Office/Page_Category Management Page/searchname1' are matched.

23-03-2024T21:27:34 - [TEST_STEP][PASSED] - verifyElementText(findTestObject("Object Repository/Back-Office/Page_Category Management Page/searchname2"), category_name2): Actual text and expected text of test object 'Object Repository/Back-Office/Page_Category Management Page/searchname2' are matched.

23-03-2024T21:27:34 - [MESSAGE][PASSED] - Actual text and expected text of test object 'Object Repository/Back-Office/Page_Category Management Page/searchname2' are matched.

23-03-2024T21:27:34 - [TEST_STEP][PASSED] - closeBrowser(): Browser is closed

23-03-2024T21:27:34 - [MESSAGE][PASSED] - Browser is closed]]></system-out>
         <system-err><![CDATA[]]></system-err>
      </testcase>
      <system-out><![CDATA[23-03-2024T21:27:24 - [TEST_SUITE][PASSED] - Test Suite 1: Test Cases/BackOffice/Category_TC1]]></system-out>
      <system-err><![CDATA[]]></system-err>
   </testsuite>
</testsuites>
