<?xml version="1.0" encoding="UTF-8"?>
<testsuites name="Test Suite 1" time="36.196" tests="3" failures="0" errors="0">
   <testsuite name="Test Suite 1" tests="3" failures="0" errors="0" time="36.196" skipped="0" timestamp="23-03-2024T23:58:34" hostname="User - DESKTOP-HKH22J6" id="Test Suites/Back-Office/Test Suite 1">
      <properties>
         <property name="deviceName" value=""/>
         <property name="devicePlatform" value=""/>
         <property name="logFolder" value="D:\\Chiang Mai University\\Year 2\\TERM 2\\DEV OPS\\JFF-Automated-Test\\Reports\\25670323_235825\\Back-Office\\Test Suite 1\\25670323_235825"/>
         <property name="logFiles" value="D:\\Chiang Mai University\\Year 2\\TERM 2\\DEV OPS\\JFF-Automated-Test\\Reports\\25670323_235825\\Back-Office\\Test Suite 1\\25670323_235825\\execution0.log"/>
         <property name="attachments" value=""/>
         <property name="hostName" value="User - DESKTOP-HKH22J6"/>
         <property name="os" value="Windows 10 64bit"/>
         <property name="katalonVersion" value="9.3.0.212"/>
         <property name="browser" value="Chrome 122.0.0.0"/>
         <property name="hostAddress" value="192.168.56.1"/>
         <property name="sessionId" value="8e559d1e1702dfc602a1a23b787e0110"/>
         <property name="seleniumVersion" value="3.141.59"/>
         <property name="proxyInformation" value="ProxyInformation { proxyOption=NO_PROXY, proxyServerType=HTTP, username=, password=********, proxyServerAddress=, proxyServerPort=0, executionList=&quot;&quot;, isApplyToDesiredCapabilities=true }"/>
         <property name="platform" value="Windows 10"/>
      </properties>
      <testcase name="Test Cases/BackOffice/Category_TC1" time="10.007" classname="Test Cases/BackOffice/Category_TC1" status="PASSED">
         <system-out><![CDATA[23-03-2024T23:58:34 - [TEST_CASE][PASSED] - Test Cases/BackOffice/Category_TC1: Test Cases/BackOffice/Category_TC1

23-03-2024T23:58:34 - [TEST_STEP][PASSED] - openBrowser(""): Browser is opened with url: ''

23-03-2024T23:58:35 - [MESSAGE][INFO] - Starting 'Chrome' driver

23-03-2024T23:58:35 - [MESSAGE][INFO] - Action delay is set to 0 milliseconds

23-03-2024T23:58:36 - [MESSAGE][PASSED] - Browser is opened with url: ''

23-03-2024T23:58:36 - [TEST_STEP][PASSED] - navigateToUrl("http://18.140.98.114:8080/back-office-category"): Navigate to 'http://18.140.98.114:8080/back-office-category' successfully

23-03-2024T23:58:38 - [MESSAGE][PASSED] - Navigate to 'http://18.140.98.114:8080/back-office-category' successfully

23-03-2024T23:58:38 - [TEST_STEP][PASSED] - click(findTestObject("Object Repository/Back-Office/Page_Category Management Page/edit_button")): Object: 'Object Repository/Back-Office/Page_Category Management Page/edit_button' is clicked on

23-03-2024T23:58:39 - [MESSAGE][PASSED] - Object: 'Object Repository/Back-Office/Page_Category Management Page/edit_button' is clicked on

23-03-2024T23:58:39 - [TEST_STEP][PASSED] - click(findTestObject("Object Repository/Back-Office/Page_Category Management Page/add_button")): Object: 'Object Repository/Back-Office/Page_Category Management Page/add_button' is clicked on

23-03-2024T23:58:40 - [MESSAGE][PASSED] - Object: 'Object Repository/Back-Office/Page_Category Management Page/add_button' is clicked on

23-03-2024T23:58:40 - [TEST_STEP][PASSED] - verifyElementText(findTestObject("Back-Office/Page_Category Management Page/newcategory_name"), "<New Category>"): Actual text and expected text of test object 'Object Repository/Back-Office/Page_Category Management Page/newcategory_name' are matched.

23-03-2024T23:58:40 - [MESSAGE][PASSED] - Actual text and expected text of test object 'Object Repository/Back-Office/Page_Category Management Page/newcategory_name' are matched.

23-03-2024T23:58:40 - [TEST_STEP][PASSED] - click(findTestObject("Object Repository/Back-Office/Page_Category Management Page/edit_button")): Object: 'Object Repository/Back-Office/Page_Category Management Page/edit_button' is clicked on

23-03-2024T23:58:41 - [MESSAGE][PASSED] - Object: 'Object Repository/Back-Office/Page_Category Management Page/edit_button' is clicked on

23-03-2024T23:58:41 - [TEST_STEP][PASSED] - click(findTestObject("Object Repository/Back-Office/Page_Category Management Page/tickbox")): Object: 'Object Repository/Back-Office/Page_Category Management Page/tickbox' is clicked on

23-03-2024T23:58:41 - [MESSAGE][PASSED] - Object: 'Object Repository/Back-Office/Page_Category Management Page/tickbox' is clicked on

23-03-2024T23:58:41 - [TEST_STEP][PASSED] - click(findTestObject("Object Repository/Back-Office/Page_Category Management Page/delete_button")): Object: 'Object Repository/Back-Office/Page_Category Management Page/delete_button' is clicked on

23-03-2024T23:58:42 - [MESSAGE][PASSED] - Object: 'Object Repository/Back-Office/Page_Category Management Page/delete_button' is clicked on

23-03-2024T23:58:42 - [TEST_STEP][PASSED] - setText(findTestObject("Object Repository/Back-Office/Page_Category Management Page/search_bar"), "Fiction"): Text 'Fiction' is set on object 'Object Repository/Back-Office/Page_Category Management Page/search_bar'

23-03-2024T23:58:43 - [MESSAGE][PASSED] - Text 'Fiction' is set on object 'Object Repository/Back-Office/Page_Category Management Page/search_bar'

23-03-2024T23:58:43 - [TEST_STEP][PASSED] - sendKeys(findTestObject("Object Repository/Back-Office/Page_Category Management Page/search_bar"), Keys.chord(ENTER)): Keys 'ENTER + ' sent to object: 'Object Repository/Back-Office/Page_Category Management Page/search_bar'

23-03-2024T23:58:43 - [MESSAGE][PASSED] - Keys 'ENTER + ' sent to object: 'Object Repository/Back-Office/Page_Category Management Page/search_bar'

23-03-2024T23:58:43 - [TEST_STEP][PASSED] - verifyElementText(findTestObject("Object Repository/Back-Office/Page_Category Management Page/searchname1"), category_name1): Actual text and expected text of test object 'Object Repository/Back-Office/Page_Category Management Page/searchname1' are matched.

23-03-2024T23:58:43 - [MESSAGE][PASSED] - Actual text and expected text of test object 'Object Repository/Back-Office/Page_Category Management Page/searchname1' are matched.

23-03-2024T23:58:43 - [TEST_STEP][PASSED] - verifyElementText(findTestObject("Object Repository/Back-Office/Page_Category Management Page/searchname2"), category_name2): Actual text and expected text of test object 'Object Repository/Back-Office/Page_Category Management Page/searchname2' are matched.

23-03-2024T23:58:44 - [MESSAGE][PASSED] - Actual text and expected text of test object 'Object Repository/Back-Office/Page_Category Management Page/searchname2' are matched.

23-03-2024T23:58:44 - [TEST_STEP][PASSED] - closeBrowser(): Browser is closed

23-03-2024T23:58:44 - [MESSAGE][PASSED] - Browser is closed]]></system-out>
         <system-err><![CDATA[]]></system-err>
      </testcase>
      <testcase name="Test Cases/BackOffice/Product_TC1" time="19.77" classname="Test Cases/BackOffice/Product_TC1" status="PASSED">
         <system-out><![CDATA[23-03-2024T23:58:44 - [TEST_CASE][PASSED] - Test Cases/BackOffice/Product_TC1: Test Cases/BackOffice/Product_TC1

23-03-2024T23:58:44 - [TEST_STEP][PASSED] - openBrowser(""): Browser is opened with url: ''

23-03-2024T23:58:44 - [MESSAGE][INFO] - Starting 'Chrome' driver

23-03-2024T23:58:45 - [MESSAGE][INFO] - Action delay is set to 0 milliseconds

23-03-2024T23:58:45 - [MESSAGE][PASSED] - Browser is opened with url: ''

23-03-2024T23:58:45 - [TEST_STEP][PASSED] - navigateToUrl("http://18.140.98.114:8080/back-office-product"): Navigate to 'http://18.140.98.114:8080/back-office-product' successfully

23-03-2024T23:58:46 - [MESSAGE][PASSED] - Navigate to 'http://18.140.98.114:8080/back-office-product' successfully

23-03-2024T23:58:46 - [TEST_STEP][PASSED] - verifyElementText(findTestObject("Object Repository/Back-Office/Page_Product Management Page/product_id_cell"), product_id): Actual text and expected text of test object 'Object Repository/Back-Office/Page_Product Management Page/product_id_cell' are matched.

23-03-2024T23:58:47 - [MESSAGE][PASSED] - Actual text and expected text of test object 'Object Repository/Back-Office/Page_Product Management Page/product_id_cell' are matched.

23-03-2024T23:58:47 - [TEST_STEP][PASSED] - verifyElementText(findTestObject("Object Repository/Back-Office/Page_Product Management Page/product_name_cell"), product_name): Actual text and expected text of test object 'Object Repository/Back-Office/Page_Product Management Page/product_name_cell' are matched.

23-03-2024T23:58:47 - [MESSAGE][PASSED] - Actual text and expected text of test object 'Object Repository/Back-Office/Page_Product Management Page/product_name_cell' are matched.

23-03-2024T23:58:47 - [TEST_STEP][PASSED] - verifyElementText(findTestObject("Object Repository/Back-Office/Page_Product Management Page/category_id"), category_id): Actual text and expected text of test object 'Object Repository/Back-Office/Page_Product Management Page/category_id' are matched.

23-03-2024T23:58:47 - [MESSAGE][PASSED] - Actual text and expected text of test object 'Object Repository/Back-Office/Page_Product Management Page/category_id' are matched.

23-03-2024T23:58:47 - [TEST_STEP][PASSED] - verifyElementText(findTestObject("Object Repository/Back-Office/Page_Product Management Page/product_image_id_cell"), product_image_id): Actual text and expected text of test object 'Object Repository/Back-Office/Page_Product Management Page/product_image_id_cell' are matched.

23-03-2024T23:58:48 - [MESSAGE][PASSED] - Actual text and expected text of test object 'Object Repository/Back-Office/Page_Product Management Page/product_image_id_cell' are matched.

23-03-2024T23:58:48 - [TEST_STEP][PASSED] - verifyElementText(findTestObject("Object Repository/Back-Office/Page_Product Management Page/stock_cell"), stock): Actual text and expected text of test object 'Object Repository/Back-Office/Page_Product Management Page/stock_cell' are matched.

23-03-2024T23:58:48 - [MESSAGE][PASSED] - Actual text and expected text of test object 'Object Repository/Back-Office/Page_Product Management Page/stock_cell' are matched.

23-03-2024T23:58:48 - [TEST_STEP][PASSED] - verifyElementText(findTestObject("Object Repository/Back-Office/Page_Product Management Page/salecount_cell"), salecount): Actual text and expected text of test object 'Object Repository/Back-Office/Page_Product Management Page/salecount_cell' are matched.

23-03-2024T23:58:48 - [MESSAGE][PASSED] - Actual text and expected text of test object 'Object Repository/Back-Office/Page_Product Management Page/salecount_cell' are matched.

23-03-2024T23:58:48 - [TEST_STEP][PASSED] - verifyElementText(findTestObject("Object Repository/Back-Office/Page_Product Management Page/product_price_cell"), product_price): Actual text and expected text of test object 'Object Repository/Back-Office/Page_Product Management Page/product_price_cell' are matched.

23-03-2024T23:58:49 - [MESSAGE][PASSED] - Actual text and expected text of test object 'Object Repository/Back-Office/Page_Product Management Page/product_price_cell' are matched.

23-03-2024T23:58:49 - [TEST_STEP][PASSED] - verifyElementText(findTestObject("Object Repository/Back-Office/Page_Product Management Page/product_price_promotion_cell"), product_price_promotion): Actual text and expected text of test object 'Object Repository/Back-Office/Page_Product Management Page/product_price_promotion_cell' are matched.

23-03-2024T23:58:49 - [MESSAGE][PASSED] - Actual text and expected text of test object 'Object Repository/Back-Office/Page_Product Management Page/product_price_promotion_cell' are matched.

23-03-2024T23:58:49 - [TEST_STEP][PASSED] - click(findTestObject("Object Repository/Back-Office/Page_Product Management Page/button_Edit")): Object: 'Object Repository/Back-Office/Page_Product Management Page/button_Edit' is clicked on

23-03-2024T23:58:49 - [MESSAGE][PASSED] - Object: 'Object Repository/Back-Office/Page_Product Management Page/button_Edit' is clicked on

23-03-2024T23:58:49 - [TEST_STEP][PASSED] - click(findTestObject("Object Repository/Back-Office/Page_Product Management Page/button_Add")): Object: 'Object Repository/Back-Office/Page_Product Management Page/button_Add' is clicked on

23-03-2024T23:58:50 - [MESSAGE][PASSED] - Object: 'Object Repository/Back-Office/Page_Product Management Page/button_Add' is clicked on

23-03-2024T23:58:50 - [TEST_STEP][PASSED] - setText(findTestObject("Object Repository/Back-Office/Page_Product Management Page/input_Restock_page-number"), "6"): Text '6' is set on object 'Object Repository/Back-Office/Page_Product Management Page/input_Restock_page-number'

23-03-2024T23:58:51 - [MESSAGE][PASSED] - Text '6' is set on object 'Object Repository/Back-Office/Page_Product Management Page/input_Restock_page-number'

23-03-2024T23:58:51 - [TEST_STEP][PASSED] - sendKeys(findTestObject("Object Repository/Back-Office/Page_Product Management Page/input_Restock_page-number"), Keys.chord(ENTER)): Keys 'ENTER + ' sent to object: 'Object Repository/Back-Office/Page_Product Management Page/input_Restock_page-number'

23-03-2024T23:58:51 - [MESSAGE][PASSED] - Keys 'ENTER + ' sent to object: 'Object Repository/Back-Office/Page_Product Management Page/input_Restock_page-number'

23-03-2024T23:58:51 - [TEST_STEP][PASSED] - navigateToUrl("http://18.140.98.114:8080/back-office-product?page=6"): Navigate to 'http://18.140.98.114:8080/back-office-product?page=6' successfully

23-03-2024T23:58:51 - [MESSAGE][PASSED] - Navigate to 'http://18.140.98.114:8080/back-office-product?page=6' successfully

23-03-2024T23:58:51 - [TEST_STEP][PASSED] - click(findTestObject("Object Repository/Back-Office/Page_Product Management Page/td_New Product")): Object: 'Object Repository/Back-Office/Page_Product Management Page/td_New Product' is clicked on

23-03-2024T23:58:54 - [MESSAGE][PASSED] - Object: 'Object Repository/Back-Office/Page_Product Management Page/td_New Product' is clicked on

23-03-2024T23:58:54 - [TEST_STEP][PASSED] - click(findTestObject("Object Repository/Back-Office/Page_Product Management Page/button_Edit")): Object: 'Object Repository/Back-Office/Page_Product Management Page/button_Edit' is clicked on

23-03-2024T23:58:57 - [MESSAGE][PASSED] - Object: 'Object Repository/Back-Office/Page_Product Management Page/button_Edit' is clicked on

23-03-2024T23:58:57 - [TEST_STEP][PASSED] - click(findTestObject("Object Repository/Back-Office/Page_Product Management Page/input_checkbox")): Object: 'Object Repository/Back-Office/Page_Product Management Page/input_checkbox' is clicked on

23-03-2024T23:58:59 - [MESSAGE][PASSED] - Object: 'Object Repository/Back-Office/Page_Product Management Page/input_checkbox' is clicked on

23-03-2024T23:58:59 - [TEST_STEP][PASSED] - click(findTestObject("Object Repository/Back-Office/Page_Product Management Page/button_Delete")): Object: 'Object Repository/Back-Office/Page_Product Management Page/button_Delete' is clicked on

23-03-2024T23:59:02 - [MESSAGE][PASSED] - Object: 'Object Repository/Back-Office/Page_Product Management Page/button_Delete' is clicked on

23-03-2024T23:59:02 - [TEST_STEP][PASSED] - setText(findTestObject("Object Repository/Back-Office/Page_Product Management Page/input_Submit_search"), "new product"): Text 'new product' is set on object 'Object Repository/Back-Office/Page_Product Management Page/input_Submit_search'

23-03-2024T23:59:03 - [MESSAGE][PASSED] - Text 'new product' is set on object 'Object Repository/Back-Office/Page_Product Management Page/input_Submit_search'

23-03-2024T23:59:03 - [TEST_STEP][PASSED] - sendKeys(findTestObject("Object Repository/Back-Office/Page_Product Management Page/input_Submit_search"), Keys.chord(ENTER)): Keys 'ENTER + ' sent to object: 'Object Repository/Back-Office/Page_Product Management Page/input_Submit_search'

23-03-2024T23:59:03 - [MESSAGE][PASSED] - Keys 'ENTER + ' sent to object: 'Object Repository/Back-Office/Page_Product Management Page/input_Submit_search'

23-03-2024T23:59:03 - [TEST_STEP][PASSED] - click(findTestObject("Object Repository/Back-Office/Page_Product Management Page/td_No items available")): Object: 'Object Repository/Back-Office/Page_Product Management Page/td_No items available' is clicked on

23-03-2024T23:59:04 - [MESSAGE][PASSED] - Object: 'Object Repository/Back-Office/Page_Product Management Page/td_No items available' is clicked on

23-03-2024T23:59:04 - [TEST_STEP][PASSED] - closeBrowser(): Browser is closed

23-03-2024T23:59:04 - [MESSAGE][PASSED] - Browser is closed]]></system-out>
         <system-err><![CDATA[]]></system-err>
      </testcase>
      <testcase name="Test Cases/BackOffice/Order_TC1" time="5.81" classname="Test Cases/BackOffice/Order_TC1" status="PASSED">
         <system-out><![CDATA[23-03-2024T23:59:04 - [TEST_CASE][PASSED] - Test Cases/BackOffice/Order_TC1: Test Cases/BackOffice/Order_TC1

23-03-2024T23:59:04 - [TEST_STEP][PASSED] - openBrowser(""): Browser is opened with url: ''

23-03-2024T23:59:04 - [MESSAGE][INFO] - Starting 'Chrome' driver

23-03-2024T23:59:04 - [MESSAGE][INFO] - Action delay is set to 0 milliseconds

23-03-2024T23:59:05 - [MESSAGE][PASSED] - Browser is opened with url: ''

23-03-2024T23:59:05 - [TEST_STEP][PASSED] - navigateToUrl("http://18.140.98.114:8080/back-office-order"): Navigate to 'http://18.140.98.114:8080/back-office-order' successfully

23-03-2024T23:59:05 - [MESSAGE][PASSED] - Navigate to 'http://18.140.98.114:8080/back-office-order' successfully

23-03-2024T23:59:05 - [TEST_STEP][PASSED] - setText(findTestObject("Object Repository/Back-Office/Page_Order Management Page/search_bar"), "49"): Text '49' is set on object 'Object Repository/Back-Office/Page_Order Management Page/search_bar'

23-03-2024T23:59:07 - [MESSAGE][PASSED] - Text '49' is set on object 'Object Repository/Back-Office/Page_Order Management Page/search_bar'

23-03-2024T23:59:07 - [TEST_STEP][PASSED] - sendKeys(findTestObject("Object Repository/Back-Office/Page_Order Management Page/search_bar"), Keys.chord(ENTER)): Keys 'ENTER + ' sent to object: 'Object Repository/Back-Office/Page_Order Management Page/search_bar'

23-03-2024T23:59:07 - [MESSAGE][PASSED] - Keys 'ENTER + ' sent to object: 'Object Repository/Back-Office/Page_Order Management Page/search_bar'

23-03-2024T23:59:07 - [TEST_STEP][PASSED] - verifyElementText(findTestObject("Object Repository/Back-Office/Page_Order Management Page/order_id_1"), order_id1): Actual text and expected text of test object 'Object Repository/Back-Office/Page_Order Management Page/order_id_1' are matched.

23-03-2024T23:59:08 - [MESSAGE][PASSED] - Actual text and expected text of test object 'Object Repository/Back-Office/Page_Order Management Page/order_id_1' are matched.

23-03-2024T23:59:08 - [TEST_STEP][PASSED] - setText(findTestObject("Object Repository/Back-Office/Page_Order Management Page/search_bar"), ""): Text '' is set on object 'Object Repository/Back-Office/Page_Order Management Page/search_bar'

23-03-2024T23:59:08 - [MESSAGE][PASSED] - Text '' is set on object 'Object Repository/Back-Office/Page_Order Management Page/search_bar'

23-03-2024T23:59:08 - [TEST_STEP][PASSED] - click(findTestObject("Object Repository/Back-Office/Page_Order Management Page/search_button")): Object: 'Object Repository/Back-Office/Page_Order Management Page/search_button' is clicked on

23-03-2024T23:59:09 - [MESSAGE][PASSED] - Object: 'Object Repository/Back-Office/Page_Order Management Page/search_button' is clicked on

23-03-2024T23:59:09 - [TEST_STEP][PASSED] - verifyElementText(findTestObject("Object Repository/Back-Office/Page_Order Management Page/order_id_2"), order_id2): Actual text and expected text of test object 'Object Repository/Back-Office/Page_Order Management Page/order_id_2' are matched.

23-03-2024T23:59:09 - [MESSAGE][PASSED] - Actual text and expected text of test object 'Object Repository/Back-Office/Page_Order Management Page/order_id_2' are matched.

23-03-2024T23:59:09 - [TEST_STEP][PASSED] - closeBrowser(): Browser is closed

23-03-2024T23:59:10 - [MESSAGE][PASSED] - Browser is closed]]></system-out>
         <system-err><![CDATA[]]></system-err>
      </testcase>
      <system-out><![CDATA[23-03-2024T23:58:34 - [TEST_SUITE][PASSED] - Test Suite 1: Test Cases/BackOffice/Order_TC1]]></system-out>
      <system-err><![CDATA[]]></system-err>
   </testsuite>
</testsuites>
